a:[ 1 ]
b:[ 1 ]
r_temp:[ 1 1 ]
last_a = 0
first_b = 1
temp_max = 2
r_temp:[ 1 ]
r:[ 1 2 1 ]
a:[ 1 2 1 ]
b:[ 0 ]
r_temp:[ 1 2 1 0 ]
last_a = 2
first_b = 3
r_temp:[ 1 2 1 0 ]
r:[ 1 2 0 ]
a:[ 1 ]
b:[ 1 ]
r_temp:[ 1 1 ]
last_a = 0
first_b = 1
temp_max = 2
r_temp:[ 1 ]
r:[ 1 2 1 ]
a:[ 1 2 0 ]
b:[ 1 2 1 ]
r_temp:[ 1 2 0 1 2 1 ]
last_a = 2
first_b = 3
r_temp:[ 1 2 0 1 2 1 ]
r:[ 1 2 1 ]
a:[ 0 ]
b:[ 1 ]
r_temp:[ 0 1 ]
last_a = 0
first_b = 1
r_temp:[ 0 1 ]
r:[ 0 0 1 ]
a:[ 0 0 1 ]
b:[ 1 ]
r_temp:[ 0 0 1 1 ]
last_a = 2
first_b = 3
temp_max = 2
r_temp:[ 0 0 1 ]
r:[ 0 2 1 ]
a:[ 1 ]
b:[ 1 ]
r_temp:[ 1 1 ]
last_a = 0
first_b = 1
temp_max = 2
r_temp:[ 1 ]
r:[ 1 2 1 ]
a:[ 0 2 1 ]
b:[ 1 2 1 ]
r_temp:[ 0 2 1 1 2 1 ]
last_a = 2
first_b = 3
temp_max = 2
r_temp:[ 0 2 1 2 1 ]
r:[ 0 2 1 ]
a:[ 1 2 1 ]
b:[ 0 2 1 ]
r_temp:[ 1 2 1 0 2 1 ]
last_a = 2
first_b = 3
r_temp:[ 1 2 1 0 2 1 ]
r:[ 1 2 1 ]
a:[ 1 ]
b:[ 1 ]
r_temp:[ 1 1 ]
last_a = 0
first_b = 1
temp_max = 2
r_temp:[ 1 ]
r:[ 1 2 1 ]
a:[ 1 2 1 ]
b:[ 1 ]
r_temp:[ 1 2 1 1 ]
last_a = 2
first_b = 3
temp_max = 2
r_temp:[ 1 2 1 ]
r:[ 1 2 1 ]
a:[ 0 ]
b:[ 1 ]
r_temp:[ 0 1 ]
last_a = 0
first_b = 1
r_temp:[ 0 1 ]
r:[ 0 0 1 ]
a:[ 1 2 1 ]
b:[ 0 0 1 ]
r_temp:[ 1 2 1 0 0 1 ]
last_a = 2
first_b = 3
r_temp:[ 1 2 1 0 0 1 ]
r:[ 1 2 1 ]
a:[ 1 ]
b:[ 0 ]
r_temp:[ 1 0 ]
last_a = 0
first_b = 1
r_temp:[ 1 0 ]
r:[ 1 0 0 ]
a:[ 1 0 0 ]
b:[ 0 ]
r_temp:[ 1 0 0 0 ]
last_a = 2
first_b = 3
r_temp:[ 1 0 0 0 ]
r:[ 1 0 0 ]
a:[ 0 ]
b:[ 1 ]
r_temp:[ 0 1 ]
last_a = 0
first_b = 1
r_temp:[ 0 1 ]
r:[ 0 0 1 ]
a:[ 1 0 0 ]
b:[ 0 0 1 ]
r_temp:[ 1 0 0 0 0 1 ]
last_a = 2
first_b = 3
r_temp:[ 1 0 0 0 0 1 ]
r:[ 1 0 1 ]
a:[ 1 2 1 ]
b:[ 1 0 1 ]
r_temp:[ 1 2 1 1 0 1 ]
last_a = 2
first_b = 3
temp_max = 2
r_temp:[ 1 2 1 0 1 ]
r:[ 1 2 1 ]
a:[ 1 2 1 ]
b:[ 1 2 1 ]
r_temp:[ 1 2 1 1 2 1 ]
last_a = 2
first_b = 3
temp_max = 2
r_temp:[ 1 2 1 2 1 ]
r:[ 1 2 1 ]
Segtree (array):
1:[ 1 2 1 ]2:[ 1 2 1 ]3:[ 1 2 1 ]4:[ 1 2 1 ]5:[ 0 2 1 ]6:[ 1 2 1 ]7:[ 1 0 1 ]8:[ 1 2 0 ]9:[ 1 2 1 ]10:[ 0 2 1 ]11:[ 1 2 1 ]12:[ 1 2 1 ]13:[ 0 0 1 ]14:[ 1 0 0 ]15:[ 0 0 1 ]16:[ 1 2 1 ]17:[ 0 ]18:[ 1 ]19:[ 1 ]20:[ 0 0 1 ]21:[ 1 ]22:[ 1 ]23:[ 1 ]24:[ 1 2 1 ]25:[ 1 ]26:[ 0 ]27:[ 1 ]28:[ 1 0 0 ]29:[ 0 ]30:[ 0 ]31:[ 1 ]32:[ 1 ]33:[ 1 ]34:[ ]35:[ ]36:[ ]37:[ ]38:[ ]39:[ ]40:[ 0 ]41:[ 1 ]42:[ ]43:[ ]44:[ ]45:[ ]46:[ ]47:[ ]48:[ 1 ]49:[ 1 ]50:[ ]51:[ ]52:[ ]53:[ ]54:[ ]55:[ ]56:[ 1 ]57:[ 0 ]58:[ ]59:[ ]60:[ ]61:[ ]62:[ ]63:[ ]64:[ ]65:[ ]66:[ ]67:[ ]68:[ ]69:[ ]70:[ ]71:[ ]72:[ ]73:[ ]74:[ ]75:[ ]76:[ ]77:[ ]78:[ ]79:[ ]80:[ ]
a:[ 1 ]
b:[ 1 ]
r_temp:[ 1 1 ]
last_a = 0
first_b = 1
temp_max = 2
r_temp:[ 1 ]
r:[ 1 2 1 ]
a:[ 1 2 0 ]
b:[ 1 2 1 ]
r_temp:[ 1 2 0 1 2 1 ]
last_a = 2
first_b = 3
r_temp:[ 1 2 0 1 2 1 ]
r:[ 1 2 1 ]
a:[ 1 2 1 ]
b:[ 0 2 1 ]
r_temp:[ 1 2 1 0 2 1 ]
last_a = 2
first_b = 3
r_temp:[ 1 2 1 0 2 1 ]
r:[ 1 2 1 ]
a:[ 1 2 1 ]
b:[ 1 2 1 ]
r_temp:[ 1 2 1 1 2 1 ]
last_a = 2
first_b = 3
temp_max = 2
r_temp:[ 1 2 1 2 1 ]
r:[ 1 2 1 ]
a:[ 0 ]
b:[ 1 ]
r_temp:[ 0 1 ]
last_a = 0
first_b = 1
r_temp:[ 0 1 ]
r:[ 0 0 1 ]
a:[ 0 0 1 ]
b:[ 0 ]
r_temp:[ 0 0 1 0 ]
last_a = 2
first_b = 3
r_temp:[ 0 0 1 0 ]
r:[ 0 1 0 ]
a:[ 0 1 0 ]
b:[ 1 2 1 ]
r_temp:[ 0 1 0 1 2 1 ]
last_a = 2
first_b = 3
r_temp:[ 0 1 0 1 2 1 ]
r:[ 0 2 1 ]
a:[ 0 2 1 ]
b:[ 0 2 1 ]
r_temp:[ 0 2 1 0 2 1 ]
last_a = 2
first_b = 3
r_temp:[ 0 2 1 0 2 1 ]
r:[ 0 2 1 ]
a:[ 1 2 1 ]
b:[ 0 ]
r_temp:[ 1 2 1 0 ]
last_a = 2
first_b = 3
r_temp:[ 1 2 1 0 ]
r:[ 1 2 0 ]
a:[ 1 2 0 ]
b:[ 0 ]
r_temp:[ 1 2 0 0 ]
last_a = 2
first_b = 3
r_temp:[ 1 2 0 0 ]
r:[ 1 2 0 ]
a:[ 1 2 0 ]
b:[ 0 ]
r_temp:[ 1 2 0 0 ]
last_a = 2
first_b = 3
r_temp:[ 1 2 0 0 ]
r:[ 1 2 0 ]
a:[ 0 2 1 ]
b:[ 1 2 0 ]
r_temp:[ 0 2 1 1 2 0 ]
last_a = 2
first_b = 3
temp_max = 2
r_temp:[ 0 2 1 2 0 ]
r:[ 0 2 0 ]
2
a:[ 0 0 1 ]
b:[ 0 ]
r_temp:[ 0 0 1 0 ]
last_a = 2
first_b = 3
r_temp:[ 0 0 1 0 ]
r:[ 0 1 0 ]
a:[ 0 1 0 ]
b:[ 0 ]
r_temp:[ 0 1 0 0 ]
last_a = 2
first_b = 3
r_temp:[ 0 1 0 0 ]
r:[ 0 1 0 ]
a:[ 1 2 1 ]
b:[ 0 1 0 ]
r_temp:[ 1 2 1 0 1 0 ]
last_a = 2
first_b = 3
r_temp:[ 1 2 1 0 1 0 ]
r:[ 1 2 0 ]
a:[ 1 2 0 ]
b:[ 0 ]
r_temp:[ 1 2 0 0 ]
last_a = 2
first_b = 3
r_temp:[ 1 2 0 0 ]
r:[ 1 2 0 ]
2
a:[ 0 0 1 ]
b:[ 0 ]
r_temp:[ 0 0 1 0 ]
last_a = 2
first_b = 3
r_temp:[ 0 0 1 0 ]
r:[ 0 1 0 ]
a:[ 0 1 0 ]
b:[ 0 ]
r_temp:[ 0 1 0 0 ]
last_a = 2
first_b = 3
r_temp:[ 0 1 0 0 ]
r:[ 0 1 0 ]
a:[ 1 2 1 ]
b:[ 0 1 0 ]
r_temp:[ 1 2 1 0 1 0 ]
last_a = 2
first_b = 3
r_temp:[ 1 2 1 0 1 0 ]
r:[ 1 2 0 ]
a:[ 1 2 0 ]
b:[ 0 ]
r_temp:[ 1 2 0 0 ]
last_a = 2
first_b = 3
r_temp:[ 1 2 0 0 ]
r:[ 1 2 0 ]
2
a:[ 0 ]
b:[ 1 ]
r_temp:[ 0 1 ]
last_a = 0
first_b = 1
r_temp:[ 0 1 ]
r:[ 0 0 1 ]
a:[ 0 0 1 ]
b:[ 0 ]
r_temp:[ 0 0 1 0 ]
last_a = 2
first_b = 3
r_temp:[ 0 0 1 0 ]
r:[ 0 1 0 ]
a:[ 0 1 0 ]
b:[ 0 ]
r_temp:[ 0 1 0 0 ]
last_a = 2
first_b = 3
r_temp:[ 0 1 0 0 ]
r:[ 0 1 0 ]
a:[ 0 1 0 ]
b:[ 0 ]
r_temp:[ 0 1 0 0 ]
last_a = 2
first_b = 3
r_temp:[ 0 1 0 0 ]
r:[ 0 1 0 ]
a:[ 0 1 0 ]
b:[ 0 ]
r_temp:[ 0 1 0 0 ]
last_a = 2
first_b = 3
r_temp:[ 0 1 0 0 ]
r:[ 0 1 0 ]
1
a:[ 1 ]
b:[ 1 ]
r_temp:[ 1 1 ]
last_a = 0
first_b = 1
temp_max = 2
r_temp:[ 1 ]
r:[ 1 2 1 ]
a:[ 0 2 1 ]
b:[ 1 2 1 ]
r_temp:[ 0 2 1 1 2 1 ]
last_a = 2
first_b = 3
temp_max = 2
r_temp:[ 0 2 1 2 1 ]
r:[ 0 2 1 ]
a:[ 1 2 1 ]
b:[ 0 2 1 ]
r_temp:[ 1 2 1 0 2 1 ]
last_a = 2
first_b = 3
r_temp:[ 1 2 1 0 2 1 ]
r:[ 1 2 1 ]
a:[ 1 2 1 ]
b:[ 1 2 1 ]
r_temp:[ 1 2 1 1 2 1 ]
last_a = 2
first_b = 3
temp_max = 2
r_temp:[ 1 2 1 2 1 ]
r:[ 1 2 1 ]
a:[ 0 ]
b:[ 0 0 1 ]
r_temp:[ 0 0 0 1 ]
last_a = 0
first_b = 1
r_temp:[ 0 0 0 1 ]
r:[ 0 0 1 ]
a:[ 0 0 1 ]
b:[ 0 ]
r_temp:[ 0 0 1 0 ]
last_a = 2
first_b = 3
r_temp:[ 0 0 1 0 ]
r:[ 0 1 0 ]
a:[ 0 ]
b:[ 0 1 0 ]
r_temp:[ 0 0 1 0 ]
last_a = 0
first_b = 1
r_temp:[ 0 0 1 0 ]
r:[ 0 1 0 ]
1
a:[ 0 ]
b:[ 1 ]
r_temp:[ 0 1 ]
last_a = 0
first_b = 1
r_temp:[ 0 1 ]
r:[ 0 0 1 ]
a:[ 0 0 1 ]
b:[ 1 2 1 ]
r_temp:[ 0 0 1 1 2 1 ]
last_a = 2
first_b = 3
temp_max = 2
r_temp:[ 0 0 1 2 1 ]
r:[ 0 2 1 ]
a:[ 0 ]
b:[ 0 2 1 ]
r_temp:[ 0 0 2 1 ]
last_a = 0
first_b = 1
r_temp:[ 0 0 2 1 ]
r:[ 0 2 1 ]
a:[ 1 2 1 ]
b:[ 0 ]
r_temp:[ 1 2 1 0 ]
last_a = 2
first_b = 3
r_temp:[ 1 2 1 0 ]
r:[ 1 2 0 ]
a:[ 1 2 0 ]
b:[ 0 ]
r_temp:[ 1 2 0 0 ]
last_a = 2
first_b = 3
r_temp:[ 1 2 0 0 ]
r:[ 1 2 0 ]
a:[ 1 2 0 ]
b:[ 0 ]
r_temp:[ 1 2 0 0 ]
last_a = 2
first_b = 3
r_temp:[ 1 2 0 0 ]
r:[ 1 2 0 ]
a:[ 0 2 1 ]
b:[ 1 2 0 ]
r_temp:[ 0 2 1 1 2 0 ]
last_a = 2
first_b = 3
temp_max = 2
r_temp:[ 0 2 1 2 0 ]
r:[ 0 2 0 ]
2
a:[ 0 ]
b:[ 1 ]
r_temp:[ 0 1 ]
last_a = 0
first_b = 1
r_temp:[ 0 1 ]
r:[ 0 0 1 ]
a:[ 0 ]
b:[ 0 0 1 ]
r_temp:[ 0 0 0 1 ]
last_a = 0
first_b = 1
r_temp:[ 0 0 0 1 ]
r:[ 0 0 1 ]
a:[ 0 0 1 ]
b:[ 0 2 1 ]
r_temp:[ 0 0 1 0 2 1 ]
last_a = 2
first_b = 3
r_temp:[ 0 0 1 0 2 1 ]
r:[ 0 2 1 ]
a:[ 0 ]
b:[ 0 ]
r_temp:[ 0 0 ]
last_a = 0
first_b = 1
r_temp:[ 0 0 ]
r:[ 0 0 0 ]
a:[ 1 0 0 ]
b:[ 0 0 0 ]
r_temp:[ 1 0 0 0 0 0 ]
last_a = 2
first_b = 3
r_temp:[ 1 0 0 0 0 0 ]
r:[ 1 0 0 ]
a:[ 1 2 1 ]
b:[ 1 0 0 ]
r_temp:[ 1 2 1 1 0 0 ]
last_a = 2
first_b = 3
temp_max = 2
r_temp:[ 1 2 1 0 0 ]
r:[ 1 2 0 ]
a:[ 0 2 1 ]
b:[ 1 2 0 ]
r_temp:[ 0 2 1 1 2 0 ]
last_a = 2
first_b = 3
temp_max = 2
r_temp:[ 0 2 1 2 0 ]
r:[ 0 2 0 ]
2
a:[ 0 ]
b:[ 1 ]
r_temp:[ 0 1 ]
last_a = 0
first_b = 1
r_temp:[ 0 1 ]
r:[ 0 0 1 ]
a:[ 0 ]
b:[ 0 0 1 ]
r_temp:[ 0 0 0 1 ]
last_a = 0
first_b = 1
r_temp:[ 0 0 0 1 ]
r:[ 0 0 1 ]
a:[ 0 ]
b:[ 0 0 1 ]
r_temp:[ 0 0 0 1 ]
last_a = 0
first_b = 1
r_temp:[ 0 0 0 1 ]
r:[ 0 0 1 ]
a:[ 1 2 1 ]
b:[ 0 ]
r_temp:[ 1 2 1 0 ]
last_a = 2
first_b = 3
r_temp:[ 1 2 1 0 ]
r:[ 1 2 0 ]
a:[ 1 2 0 ]
b:[ 0 ]
r_temp:[ 1 2 0 0 ]
last_a = 2
first_b = 3
r_temp:[ 1 2 0 0 ]
r:[ 1 2 0 ]
a:[ 0 0 1 ]
b:[ 1 2 0 ]
r_temp:[ 0 0 1 1 2 0 ]
last_a = 2
first_b = 3
temp_max = 2
r_temp:[ 0 0 1 2 0 ]
r:[ 0 2 0 ]
2
a:[ 0 ]
b:[ 1 ]
r_temp:[ 0 1 ]
last_a = 0
first_b = 1
r_temp:[ 0 1 ]
r:[ 0 0 1 ]
a:[ 0 0 1 ]
b:[ 0 ]
r_temp:[ 0 0 1 0 ]
last_a = 2
first_b = 3
r_temp:[ 0 0 1 0 ]
r:[ 0 1 0 ]
a:[ 0 1 0 ]
b:[ 1 2 1 ]
r_temp:[ 0 1 0 1 2 1 ]
last_a = 2
first_b = 3
r_temp:[ 0 1 0 1 2 1 ]
r:[ 0 2 1 ]
a:[ 0 2 1 ]
b:[ 0 2 1 ]
r_temp:[ 0 2 1 0 2 1 ]
last_a = 2
first_b = 3
r_temp:[ 0 2 1 0 2 1 ]
r:[ 0 2 1 ]
a:[ 1 0 0 ]
b:[ 0 ]
r_temp:[ 1 0 0 0 ]
last_a = 2
first_b = 3
r_temp:[ 1 0 0 0 ]
r:[ 1 0 0 ]
a:[ 1 0 0 ]
b:[ 0 ]
r_temp:[ 1 0 0 0 ]
last_a = 2
first_b = 3
r_temp:[ 1 0 0 0 ]
r:[ 1 0 0 ]
a:[ 1 2 1 ]
b:[ 1 0 0 ]
r_temp:[ 1 2 1 1 0 0 ]
last_a = 2
first_b = 3
temp_max = 2
r_temp:[ 1 2 1 0 0 ]
r:[ 1 2 0 ]
a:[ 0 2 1 ]
b:[ 1 2 0 ]
r_temp:[ 0 2 1 1 2 0 ]
last_a = 2
first_b = 3
temp_max = 2
r_temp:[ 0 2 1 2 0 ]
r:[ 0 2 0 ]
2
a:[ 1 ]
b:[ 1 ]
r_temp:[ 1 1 ]
last_a = 0
first_b = 1
temp_max = 2
r_temp:[ 1 ]
r:[ 1 2 1 ]
a:[ 0 2 1 ]
b:[ 1 2 1 ]
r_temp:[ 0 2 1 1 2 1 ]
last_a = 2
first_b = 3
temp_max = 2
r_temp:[ 0 2 1 2 1 ]
r:[ 0 2 1 ]
a:[ 1 2 1 ]
b:[ 0 2 1 ]
r_temp:[ 1 2 1 0 2 1 ]
last_a = 2
first_b = 3
r_temp:[ 1 2 1 0 2 1 ]
r:[ 1 2 1 ]
a:[ 1 2 1 ]
b:[ 1 2 1 ]
r_temp:[ 1 2 1 1 2 1 ]
last_a = 2
first_b = 3
temp_max = 2
r_temp:[ 1 2 1 2 1 ]
r:[ 1 2 1 ]
a:[ 0 0 1 ]
b:[ 0 ]
r_temp:[ 0 0 1 0 ]
last_a = 2
first_b = 3
r_temp:[ 0 0 1 0 ]
r:[ 0 1 0 ]
a:[ 0 1 0 ]
b:[ 0 ]
r_temp:[ 0 1 0 0 ]
last_a = 2
first_b = 3
r_temp:[ 0 1 0 0 ]
r:[ 0 1 0 ]
a:[ 1 2 1 ]
b:[ 0 1 0 ]
r_temp:[ 1 2 1 0 1 0 ]
last_a = 2
first_b = 3
r_temp:[ 1 2 1 0 1 0 ]
r:[ 1 2 0 ]
a:[ 1 2 0 ]
b:[ 0 ]
r_temp:[ 1 2 0 0 ]
last_a = 2
first_b = 3
r_temp:[ 1 2 0 0 ]
r:[ 1 2 0 ]
2
a:[ 0 ]
b:[ 0 ]
r_temp:[ 0 0 ]
last_a = 0
first_b = 1
r_temp:[ 0 0 ]
r:[ 0 0 0 ]
a:[ 0 0 0 ]
b:[ 1 2 1 ]
r_temp:[ 0 0 0 1 2 1 ]
last_a = 2
first_b = 3
r_temp:[ 0 0 0 1 2 1 ]
r:[ 0 2 1 ]
a:[ 0 2 1 ]
b:[ 0 2 1 ]
r_temp:[ 0 2 1 0 2 1 ]
last_a = 2
first_b = 3
r_temp:[ 0 2 1 0 2 1 ]
r:[ 0 2 1 ]
a:[ 0 2 1 ]
b:[ 0 ]
r_temp:[ 0 2 1 0 ]
last_a = 2
first_b = 3
r_temp:[ 0 2 1 0 ]
r:[ 0 2 0 ]
2
a:[ 0 ]
b:[ 1 ]
r_temp:[ 0 1 ]
last_a = 0
first_b = 1
r_temp:[ 0 1 ]
r:[ 0 0 1 ]
a:[ 0 0 1 ]
b:[ 0 ]
r_temp:[ 0 0 1 0 ]
last_a = 2
first_b = 3
r_temp:[ 0 0 1 0 ]
r:[ 0 1 0 ]
a:[ 0 1 0 ]
b:[ 1 2 1 ]
r_temp:[ 0 1 0 1 2 1 ]
last_a = 2
first_b = 3
r_temp:[ 0 1 0 1 2 1 ]
r:[ 0 2 1 ]
a:[ 0 2 1 ]
b:[ 0 2 1 ]
r_temp:[ 0 2 1 0 2 1 ]
last_a = 2
first_b = 3
r_temp:[ 0 2 1 0 2 1 ]
r:[ 0 2 1 ]
a:[ 0 2 1 ]
b:[ 0 ]
r_temp:[ 0 2 1 0 ]
last_a = 2
first_b = 3
r_temp:[ 0 2 1 0 ]
r:[ 0 2 0 ]
2
a:[ 1 2 1 ]
b:[ 1 ]
r_temp:[ 1 2 1 1 ]
last_a = 2
first_b = 3
temp_max = 2
r_temp:[ 1 2 1 ]
r:[ 1 2 1 ]
a:[ 1 2 1 ]
b:[ 1 2 1 ]
r_temp:[ 1 2 1 1 2 1 ]
last_a = 2
first_b = 3
temp_max = 2
r_temp:[ 1 2 1 2 1 ]
r:[ 1 2 1 ]
a:[ 1 2 1 ]
b:[ 0 2 1 ]
r_temp:[ 1 2 1 0 2 1 ]
last_a = 2
first_b = 3
r_temp:[ 1 2 1 0 2 1 ]
r:[ 1 2 1 ]
a:[ 1 2 1 ]
b:[ 1 2 1 ]
r_temp:[ 1 2 1 1 2 1 ]
last_a = 2
first_b = 3
temp_max = 2
r_temp:[ 1 2 1 2 1 ]
r:[ 1 2 1 ]
a:[ 0 ]
b:[ 1 ]
r_temp:[ 0 1 ]
last_a = 0
first_b = 1
r_temp:[ 0 1 ]
r:[ 0 0 1 ]
a:[ 1 0 0 ]
b:[ 0 0 1 ]
r_temp:[ 1 0 0 0 0 1 ]
last_a = 2
first_b = 3
r_temp:[ 1 0 0 0 0 1 ]
r:[ 1 0 1 ]
a:[ 1 2 1 ]
b:[ 1 0 1 ]
r_temp:[ 1 2 1 1 0 1 ]
last_a = 2
first_b = 3
temp_max = 2
r_temp:[ 1 2 1 0 1 ]
r:[ 1 2 1 ]
a:[ 1 2 1 ]
b:[ 1 2 1 ]
r_temp:[ 1 2 1 1 2 1 ]
last_a = 2
first_b = 3
temp_max = 2
r_temp:[ 1 2 1 2 1 ]
r:[ 1 2 1 ]
a:[ 0 ]
b:[ 0 2 1 ]
r_temp:[ 0 0 2 1 ]
last_a = 0
first_b = 1
r_temp:[ 0 0 2 1 ]
r:[ 0 2 1 ]
a:[ 0 2 1 ]
b:[ 1 2 1 ]
r_temp:[ 0 2 1 1 2 1 ]
last_a = 2
first_b = 3
temp_max = 2
r_temp:[ 0 2 1 2 1 ]
r:[ 0 2 1 ]
2
a:[ 0 ]
b:[ 1 2 1 ]
r_temp:[ 0 1 2 1 ]
last_a = 0
first_b = 1
r_temp:[ 0 1 2 1 ]
r:[ 0 2 1 ]
a:[ 0 ]
b:[ 0 2 1 ]
r_temp:[ 0 0 2 1 ]
last_a = 0
first_b = 1
r_temp:[ 0 0 2 1 ]
r:[ 0 2 1 ]
a:[ 1 ]
b:[ 0 ]
r_temp:[ 1 0 ]
last_a = 0
first_b = 1
r_temp:[ 1 0 ]
r:[ 1 0 0 ]
a:[ 1 0 0 ]
b:[ 0 ]
r_temp:[ 1 0 0 0 ]
last_a = 2
first_b = 3
r_temp:[ 1 0 0 0 ]
r:[ 1 0 0 ]
a:[ 1 0 0 ]
b:[ 0 ]
r_temp:[ 1 0 0 0 ]
last_a = 2
first_b = 3
r_temp:[ 1 0 0 0 ]
r:[ 1 0 0 ]
a:[ 1 0 0 ]
b:[ 0 ]
r_temp:[ 1 0 0 0 ]
last_a = 2
first_b = 3
r_temp:[ 1 0 0 0 ]
r:[ 1 0 0 ]
a:[ 0 2 1 ]
b:[ 1 0 0 ]
r_temp:[ 0 2 1 1 0 0 ]
last_a = 2
first_b = 3
temp_max = 2
r_temp:[ 0 2 1 0 0 ]
r:[ 0 2 0 ]
2
a:[ 0 ]
b:[ 1 ]
r_temp:[ 0 1 ]
last_a = 0
first_b = 1
r_temp:[ 0 1 ]
r:[ 0 0 1 ]
a:[ 0 0 1 ]
b:[ 1 2 1 ]
r_temp:[ 0 0 1 1 2 1 ]
last_a = 2
first_b = 3
temp_max = 2
r_temp:[ 0 0 1 2 1 ]
r:[ 0 2 1 ]
a:[ 0 ]
b:[ 0 2 1 ]
r_temp:[ 0 0 2 1 ]
last_a = 0
first_b = 1
r_temp:[ 0 0 2 1 ]
r:[ 0 2 1 ]
a:[ 1 2 1 ]
b:[ 0 ]
r_temp:[ 1 2 1 0 ]
last_a = 2
first_b = 3
r_temp:[ 1 2 1 0 ]
r:[ 1 2 0 ]
a:[ 0 2 1 ]
b:[ 1 2 0 ]
r_temp:[ 0 2 1 1 2 0 ]
last_a = 2
first_b = 3
temp_max = 2
r_temp:[ 0 2 1 2 0 ]
r:[ 0 2 0 ]
2
